/home/ahmed/.rvm/gems/ruby-2.7.1/gems/activerecord-5.2.6/lib/active_record/connection_adapters/mysql/database_statements.rb:12: warning: Using the last argument as keyword parameters is deprecated; maybe ** should be added to the call
/home/ahmed/.rvm/gems/ruby-2.7.1/gems/activerecord-5.2.6/lib/active_record/connection_adapters/abstract/query_cache.rb:95: warning: The called method `select_all' is defined here
/home/ahmed/.rvm/gems/ruby-2.7.1/gems/activemodel-5.2.6/lib/active_model/type/integer.rb:13: warning: Using the last argument as keyword parameters is deprecated; maybe ** should be added to the call
/home/ahmed/.rvm/gems/ruby-2.7.1/gems/activemodel-5.2.6/lib/active_model/type/value.rb:8: warning: The called method `initialize' is defined here
/home/ahmed/.rvm/gems/ruby-2.7.1/gems/activerecord-5.2.6/lib/active_record/connection_adapters/mysql/database_statements.rb:12: warning: Using the last argument as keyword parameters is deprecated; maybe ** should be added to the call
/home/ahmed/.rvm/gems/ruby-2.7.1/gems/activerecord-5.2.6/lib/active_record/connection_adapters/abstract/query_cache.rb:95: warning: The called method `select_all' is defined here
/home/ahmed/.rvm/gems/ruby-2.7.1/gems/activemodel-5.2.6/lib/active_model/type/integer.rb:13: warning: Using the last argument as keyword parameters is deprecated; maybe ** should be added to the call
/home/ahmed/.rvm/gems/ruby-2.7.1/gems/activemodel-5.2.6/lib/active_model/type/value.rb:8: warning: The called method `initialize' is defined here
Running via Spring preloader in process 10948
Running via Spring preloader in process 10953
/home/ahmed/.rvm/gems/ruby-2.7.1/gems/activerecord-5.2.6/lib/active_record/connection_adapters/mysql/database_statements.rb:12: warning: Using the last argument as keyword parameters is deprecated; maybe ** should be added to the call
/home/ahmed/.rvm/gems/ruby-2.7.1/gems/activerecord-5.2.6/lib/active_record/connection_adapters/abstract/query_cache.rb:95: warning: The called method `select_all' is defined here
/home/ahmed/.rvm/gems/ruby-2.7.1/gems/activemodel-5.2.6/lib/active_model/type/integer.rb:13: warning: Using the last argument as keyword parameters is deprecated; maybe ** should be added to the call
/home/ahmed/.rvm/gems/ruby-2.7.1/gems/activemodel-5.2.6/lib/active_model/type/value.rb:8: warning: The called method `initialize' is defined here
/home/ahmed/.rvm/gems/ruby-2.7.1/gems/activerecord-5.2.6/lib/active_record/connection_adapters/mysql/database_statements.rb:12: warning: Using the last argument as keyword parameters is deprecated; maybe ** should be added to the call
/home/ahmed/.rvm/gems/ruby-2.7.1/gems/activerecord-5.2.6/lib/active_record/connection_adapters/abstract/query_cache.rb:95: warning: The called method `select_all' is defined here
/home/ahmed/.rvm/gems/ruby-2.7.1/gems/activemodel-5.2.6/lib/active_model/type/integer.rb:13: warning: Using the last argument as keyword parameters is deprecated; maybe ** should be added to the call
/home/ahmed/.rvm/gems/ruby-2.7.1/gems/activemodel-5.2.6/lib/active_model/type/value.rb:8: warning: The called method `initialize' is defined here
Running via Spring preloader in process 11217
Running via Spring preloader in process 11222
/home/ahmed/.rvm/gems/ruby-2.7.1/gems/activerecord-5.2.6/lib/active_record/connection_adapters/mysql/database_statements.rb:12: warning: Using the last argument as keyword parameters is deprecated; maybe ** should be added to the call
/home/ahmed/.rvm/gems/ruby-2.7.1/gems/activerecord-5.2.6/lib/active_record/connection_adapters/abstract/query_cache.rb:95: warning: The called method `select_all' is defined here
/home/ahmed/.rvm/gems/ruby-2.7.1/gems/activemodel-5.2.6/lib/active_model/type/integer.rb:13: warning: Using the last argument as keyword parameters is deprecated; maybe ** should be added to the call
/home/ahmed/.rvm/gems/ruby-2.7.1/gems/activemodel-5.2.6/lib/active_model/type/value.rb:8: warning: The called method `initialize' is defined here
/home/ahmed/.rvm/gems/ruby-2.7.1/gems/activerecord-5.2.6/lib/active_record/connection_adapters/mysql/database_statements.rb:12: warning: Using the last argument as keyword parameters is deprecated; maybe ** should be added to the call
/home/ahmed/.rvm/gems/ruby-2.7.1/gems/activerecord-5.2.6/lib/active_record/connection_adapters/abstract/query_cache.rb:95: warning: The called method `select_all' is defined here
/home/ahmed/.rvm/gems/ruby-2.7.1/gems/activemodel-5.2.6/lib/active_model/type/integer.rb:13: warning: Using the last argument as keyword parameters is deprecated; maybe ** should be added to the call
/home/ahmed/.rvm/gems/ruby-2.7.1/gems/activemodel-5.2.6/lib/active_model/type/value.rb:8: warning: The called method `initialize' is defined here
Running via Spring preloader in process 11506
Running via Spring preloader in process 11511
/home/ahmed/.rvm/gems/ruby-2.7.1/gems/activerecord-5.2.6/lib/active_record/connection_adapters/mysql/database_statements.rb:12: warning: Using the last argument as keyword parameters is deprecated; maybe ** should be added to the call
/home/ahmed/.rvm/gems/ruby-2.7.1/gems/activerecord-5.2.6/lib/active_record/connection_adapters/mysql/database_statements.rb:12: warning: Using the last argument as keyword parameters is deprecated; maybe ** should be added to the call
/home/ahmed/.rvm/gems/ruby-2.7.1/gems/activerecord-5.2.6/lib/active_record/connection_adapters/abstract/query_cache.rb:95: warning: The called method `select_all' is defined here
/home/ahmed/.rvm/gems/ruby-2.7.1/gems/activerecord-5.2.6/lib/active_record/connection_adapters/abstract/query_cache.rb:95: warning: The called method `select_all' is defined here
/home/ahmed/.rvm/gems/ruby-2.7.1/gems/activemodel-5.2.6/lib/active_model/type/integer.rb:13: warning: Using the last argument as keyword parameters is deprecated; maybe ** should be added to the call
/home/ahmed/.rvm/gems/ruby-2.7.1/gems/activemodel-5.2.6/lib/active_model/type/value.rb:8: warning: The called method `initialize' is defined here
/home/ahmed/.rvm/gems/ruby-2.7.1/gems/activemodel-5.2.6/lib/active_model/type/integer.rb:13: warning: Using the last argument as keyword parameters is deprecated; maybe ** should be added to the call
/home/ahmed/.rvm/gems/ruby-2.7.1/gems/activemodel-5.2.6/lib/active_model/type/value.rb:8: warning: The called method `initialize' is defined here
Running via Spring preloader in process 11895
Running via Spring preloader in process 11890
/home/ahmed/.rvm/gems/ruby-2.7.1/gems/activerecord-5.2.6/lib/active_record/connection_adapters/mysql/database_statements.rb:12: warning: Using the last argument as keyword parameters is deprecated; maybe ** should be added to the call
/home/ahmed/.rvm/gems/ruby-2.7.1/gems/activerecord-5.2.6/lib/active_record/connection_adapters/abstract/query_cache.rb:95: warning: The called method `select_all' is defined here
/home/ahmed/.rvm/gems/ruby-2.7.1/gems/activemodel-5.2.6/lib/active_model/type/integer.rb:13: warning: Using the last argument as keyword parameters is deprecated; maybe ** should be added to the call
/home/ahmed/.rvm/gems/ruby-2.7.1/gems/activemodel-5.2.6/lib/active_model/type/value.rb:8: warning: The called method `initialize' is defined here
/home/ahmed/.rvm/gems/ruby-2.7.1/gems/activerecord-5.2.6/lib/active_record/connection_adapters/mysql/database_statements.rb:12: warning: Using the last argument as keyword parameters is deprecated; maybe ** should be added to the call
/home/ahmed/.rvm/gems/ruby-2.7.1/gems/activerecord-5.2.6/lib/active_record/connection_adapters/abstract/query_cache.rb:95: warning: The called method `select_all' is defined here
/home/ahmed/.rvm/gems/ruby-2.7.1/gems/activemodel-5.2.6/lib/active_model/type/integer.rb:13: warning: Using the last argument as keyword parameters is deprecated; maybe ** should be added to the call
/home/ahmed/.rvm/gems/ruby-2.7.1/gems/activemodel-5.2.6/lib/active_model/type/value.rb:8: warning: The called method `initialize' is defined here
Running via Spring preloader in process 12263
Running via Spring preloader in process 12258
/home/ahmed/.rvm/gems/ruby-2.7.1/gems/activerecord-5.2.6/lib/active_record/connection_adapters/mysql/database_statements.rb:12: warning: Using the last argument as keyword parameters is deprecated; maybe ** should be added to the call
/home/ahmed/.rvm/gems/ruby-2.7.1/gems/activerecord-5.2.6/lib/active_record/connection_adapters/abstract/query_cache.rb:95: warning: The called method `select_all' is defined here
/home/ahmed/.rvm/gems/ruby-2.7.1/gems/activemodel-5.2.6/lib/active_model/type/integer.rb:13: warning: Using the last argument as keyword parameters is deprecated; maybe ** should be added to the call
/home/ahmed/.rvm/gems/ruby-2.7.1/gems/activemodel-5.2.6/lib/active_model/type/value.rb:8: warning: The called method `initialize' is defined here
/home/ahmed/.rvm/gems/ruby-2.7.1/gems/activerecord-5.2.6/lib/active_record/connection_adapters/mysql/database_statements.rb:12: warning: Using the last argument as keyword parameters is deprecated; maybe ** should be added to the call
/home/ahmed/.rvm/gems/ruby-2.7.1/gems/activerecord-5.2.6/lib/active_record/connection_adapters/abstract/query_cache.rb:95: warning: The called method `select_all' is defined here
/home/ahmed/.rvm/gems/ruby-2.7.1/gems/activemodel-5.2.6/lib/active_model/type/integer.rb:13: warning: Using the last argument as keyword parameters is deprecated; maybe ** should be added to the call
/home/ahmed/.rvm/gems/ruby-2.7.1/gems/activemodel-5.2.6/lib/active_model/type/value.rb:8: warning: The called method `initialize' is defined here
Running via Spring preloader in process 12527
Running via Spring preloader in process 12522
/home/ahmed/.rvm/gems/ruby-2.7.1/gems/activerecord-5.2.6/lib/active_record/connection_adapters/mysql/database_statements.rb:12: warning: Using the last argument as keyword parameters is deprecated; maybe ** should be added to the call
/home/ahmed/.rvm/gems/ruby-2.7.1/gems/activerecord-5.2.6/lib/active_record/connection_adapters/abstract/query_cache.rb:95: warning: The called method `select_all' is defined here
/home/ahmed/.rvm/gems/ruby-2.7.1/gems/activerecord-5.2.6/lib/active_record/connection_adapters/mysql/database_statements.rb:12: warning: Using the last argument as keyword parameters is deprecated; maybe ** should be added to the call
/home/ahmed/.rvm/gems/ruby-2.7.1/gems/activemodel-5.2.6/lib/active_model/type/integer.rb:13: warning: Using the last argument as keyword parameters is deprecated; maybe ** should be added to the call
/home/ahmed/.rvm/gems/ruby-2.7.1/gems/activerecord-5.2.6/lib/active_record/connection_adapters/abstract/query_cache.rb:95: warning: The called method `select_all' is defined here
/home/ahmed/.rvm/gems/ruby-2.7.1/gems/activemodel-5.2.6/lib/active_model/type/value.rb:8: warning: The called method `initialize' is defined here
/home/ahmed/.rvm/gems/ruby-2.7.1/gems/activemodel-5.2.6/lib/active_model/type/integer.rb:13: warning: Using the last argument as keyword parameters is deprecated; maybe ** should be added to the call
/home/ahmed/.rvm/gems/ruby-2.7.1/gems/activemodel-5.2.6/lib/active_model/type/value.rb:8: warning: The called method `initialize' is defined here
Running via Spring preloader in process 12789
Running via Spring preloader in process 12784
/home/ahmed/.rvm/gems/ruby-2.7.1/gems/activerecord-5.2.6/lib/active_record/connection_adapters/mysql/database_statements.rb:12: warning: Using the last argument as keyword parameters is deprecated; maybe ** should be added to the call
/home/ahmed/.rvm/gems/ruby-2.7.1/gems/activerecord-5.2.6/lib/active_record/connection_adapters/abstract/query_cache.rb:95: warning: The called method `select_all' is defined here
/home/ahmed/.rvm/gems/ruby-2.7.1/gems/activemodel-5.2.6/lib/active_model/type/integer.rb:13: warning: Using the last argument as keyword parameters is deprecated; maybe ** should be added to the call
/home/ahmed/.rvm/gems/ruby-2.7.1/gems/activemodel-5.2.6/lib/active_model/type/value.rb:8: warning: The called method `initialize' is defined here
/home/ahmed/.rvm/gems/ruby-2.7.1/gems/activerecord-5.2.6/lib/active_record/connection_adapters/mysql/database_statements.rb:12: warning: Using the last argument as keyword parameters is deprecated; maybe ** should be added to the call
/home/ahmed/.rvm/gems/ruby-2.7.1/gems/activerecord-5.2.6/lib/active_record/connection_adapters/abstract/query_cache.rb:95: warning: The called method `select_all' is defined here
/home/ahmed/.rvm/gems/ruby-2.7.1/gems/activemodel-5.2.6/lib/active_model/type/integer.rb:13: warning: Using the last argument as keyword parameters is deprecated; maybe ** should be added to the call
/home/ahmed/.rvm/gems/ruby-2.7.1/gems/activemodel-5.2.6/lib/active_model/type/value.rb:8: warning: The called method `initialize' is defined here
Running via Spring preloader in process 13049
Running via Spring preloader in process 13054
/home/ahmed/.rvm/gems/ruby-2.7.1/gems/activerecord-5.2.6/lib/active_record/connection_adapters/mysql/database_statements.rb:12: warning: Using the last argument as keyword parameters is deprecated; maybe ** should be added to the call
/home/ahmed/.rvm/gems/ruby-2.7.1/gems/activerecord-5.2.6/lib/active_record/connection_adapters/abstract/query_cache.rb:95: warning: The called method `select_all' is defined here
/home/ahmed/.rvm/gems/ruby-2.7.1/gems/activemodel-5.2.6/lib/active_model/type/integer.rb:13: warning: Using the last argument as keyword parameters is deprecated; maybe ** should be added to the call
/home/ahmed/.rvm/gems/ruby-2.7.1/gems/activemodel-5.2.6/lib/active_model/type/value.rb:8: warning: The called method `initialize' is defined here
/home/ahmed/.rvm/gems/ruby-2.7.1/gems/activerecord-5.2.6/lib/active_record/connection_adapters/mysql/database_statements.rb:12: warning: Using the last argument as keyword parameters is deprecated; maybe ** should be added to the call
/home/ahmed/.rvm/gems/ruby-2.7.1/gems/activerecord-5.2.6/lib/active_record/connection_adapters/abstract/query_cache.rb:95: warning: The called method `select_all' is defined here
/home/ahmed/.rvm/gems/ruby-2.7.1/gems/activemodel-5.2.6/lib/active_model/type/integer.rb:13: warning: Using the last argument as keyword parameters is deprecated; maybe ** should be added to the call
/home/ahmed/.rvm/gems/ruby-2.7.1/gems/activemodel-5.2.6/lib/active_model/type/value.rb:8: warning: The called method `initialize' is defined here
Running via Spring preloader in process 13337
Running via Spring preloader in process 13332
/home/ahmed/.rvm/gems/ruby-2.7.1/gems/activerecord-5.2.6/lib/active_record/connection_adapters/mysql/database_statements.rb:12: warning: Using the last argument as keyword parameters is deprecated; maybe ** should be added to the call
/home/ahmed/.rvm/gems/ruby-2.7.1/gems/activerecord-5.2.6/lib/active_record/connection_adapters/abstract/query_cache.rb:95: warning: The called method `select_all' is defined here
/home/ahmed/.rvm/gems/ruby-2.7.1/gems/activerecord-5.2.6/lib/active_record/connection_adapters/mysql/database_statements.rb:12: warning: Using the last argument as keyword parameters is deprecated; maybe ** should be added to the call
/home/ahmed/.rvm/gems/ruby-2.7.1/gems/activerecord-5.2.6/lib/active_record/connection_adapters/abstract/query_cache.rb:95: warning: The called method `select_all' is defined here
/home/ahmed/.rvm/gems/ruby-2.7.1/gems/activemodel-5.2.6/lib/active_model/type/integer.rb:13: warning: Using the last argument as keyword parameters is deprecated; maybe ** should be added to the call
/home/ahmed/.rvm/gems/ruby-2.7.1/gems/activemodel-5.2.6/lib/active_model/type/value.rb:8: warning: The called method `initialize' is defined here
/home/ahmed/.rvm/gems/ruby-2.7.1/gems/activemodel-5.2.6/lib/active_model/type/integer.rb:13: warning: Using the last argument as keyword parameters is deprecated; maybe ** should be added to the call
/home/ahmed/.rvm/gems/ruby-2.7.1/gems/activemodel-5.2.6/lib/active_model/type/value.rb:8: warning: The called method `initialize' is defined here
Running via Spring preloader in process 13615
Running via Spring preloader in process 13620
